<?xml version="1.0" encoding="UTF-8"?>
<testsuite xmlns:xsi="http://www.w3.org/2001/XMLSchema-instance" xsi:noNamespaceSchemaLocation="https://maven.apache.org/surefire/maven-surefire-plugin/xsd/surefire-test-report-3.0.xsd" version="3.0" name="dk.johannes.basic_kakfa_consumer.BasicKakfaConsumerApplicationTests" time="5.148" tests="1" errors="0" skipped="0" failures="0">
  <properties>
[...]
</properties>
  <testcase name="contextLoads" classname="dk.johannes.basic_kakfa_consumer.BasicKakfaConsumerApplicationTests" time="1.617">
    <system-out><![CDATA[21:32:55.088 [main] INFO org.springframework.test.context.support.AnnotationConfigContextLoaderUtils -- Could not detect default configuration classes for test class [dk.johannes.basic_kakfa_consumer.BasicKakfaConsumerApplicationTests]: BasicKakfaConsumerApplicationTests does not declare any static, non-private, non-final, nested classes annotated with @Configuration.
21:32:55.251 [main] INFO org.springframework.boot.test.context.SpringBootTestContextBootstrapper -- Found @SpringBootConfiguration dk.johannes.basic_kakfa_consumer.BasicKakfaConsumerApplication for test class dk.johannes.basic_kakfa_consumer.BasicKakfaConsumerApplicationTests

  .   ____          _            __ _ _
 /\\ / ___'_ __ _ _(_)_ __  __ _ \ \ \ \
( ( )\___ | '_ | '_| | '_ \/ _` | \ \ \ \
 \\/  ___)| |_)| | | | | || (_| |  ) ) ) )
  '  |____| .__|_| |_|_| |_\__, | / / / /
 =========|_|==============|___/=/_/_/_/

 :: Spring Boot ::                (v3.3.1)

2024-07-02T21:32:56.207+02:00  INFO 18776 --- [basic-kakfa-consumer] [           main] d.j.b.BasicKakfaConsumerApplicationTests : Starting BasicKakfaConsumerApplicationTests using Java 22.0.1 with PID 18776 (started by johannes in /home/johannes/dev/learning/javacode/kafka/basic-kakfa-consumer)
2024-07-02T21:32:56.210+02:00  INFO 18776 --- [basic-kakfa-consumer] [           main] d.j.b.BasicKakfaConsumerApplicationTests : No active profile set, falling back to 1 default profile: "default"
2024-07-02T21:32:58.419+02:00  INFO 18776 --- [basic-kakfa-consumer] [           main] d.j.b.BasicKakfaConsumerApplicationTests : Started BasicKakfaConsumerApplicationTests in 2.924 seconds (process running for 4.578)
]]></system-out>
    <system-err><![CDATA[WARNING: A Java agent has been loaded dynamically (/home/johannes/.m2/repository/net/bytebuddy/byte-buddy-agent/1.14.17/byte-buddy-agent-1.14.17.jar)
WARNING: If a serviceability tool is in use, please run with -XX:+EnableDynamicAgentLoading to hide this warning
WARNING: If a serviceability tool is not in use, please run with -Djdk.instrument.traceUsage for more information
WARNING: Dynamic loading of agents will be disallowed by default in a future release
]]></system-err>
  </testcase>
</testsuite>